<?xml version="1.0" encoding="UTF-8"?>
<testsuite name="com.lucas.transactions.TransactionsApplicationTests" tests="1" skipped="0" failures="0" errors="0" timestamp="2023-12-01T03:05:31" hostname="lucas-Alienware-m16-R1" time="0.361">
  <properties/>
  <testcase name="contextLoads()" classname="com.lucas.transactions.TransactionsApplicationTests" time="0.361"/>
  <system-out><![CDATA[00:05:28.792 [Test worker] INFO org.springframework.test.context.support.AnnotationConfigContextLoaderUtils -- Could not detect default configuration classes for test class [com.lucas.transactions.TransactionsApplicationTests]: TransactionsApplicationTests does not declare any static, non-private, non-final, nested classes annotated with @Configuration.
00:05:28.838 [Test worker] INFO org.springframework.boot.test.context.SpringBootTestContextBootstrapper -- Found @SpringBootConfiguration com.lucas.transactions.TransactionsApplication for test class com.lucas.transactions.TransactionsApplicationTests

  .   ____          _            __ _ _
 /\\ / ___'_ __ _ _(_)_ __  __ _ \ \ \ \
( ( )\___ | '_ | '_| | '_ \/ _` | \ \ \ \
 \\/  ___)| |_)| | | | | || (_| |  ) ) ) )
  '  |____| .__|_| |_|_| |_\__, | / / / /
 =========|_|==============|___/=/_/_/_/
 :: Spring Boot ::                (v3.2.0)

2023-12-01T00:05:28.977-03:00  INFO 107279 --- [    Test worker] c.l.t.TransactionsApplicationTests       : Starting TransactionsApplicationTests using Java 17.0.9 with PID 107279 (started by lucas in /home/lucas/dev/pismo)
2023-12-01T00:05:28.977-03:00  INFO 107279 --- [    Test worker] c.l.t.TransactionsApplicationTests       : The following 1 profile is active: "test"
2023-12-01T00:05:29.495-03:00  INFO 107279 --- [    Test worker] com.zaxxer.hikari.HikariDataSource       : HikariPool-1 - Starting...
2023-12-01T00:05:29.523-03:00  INFO 107279 --- [    Test worker] org.testcontainers.images.PullPolicy     : Image pull policy will be performed by: DefaultPullPolicy()
2023-12-01T00:05:29.524-03:00  INFO 107279 --- [    Test worker] o.t.utility.ImageNameSubstitutor         : Image name substitution will be performed by: DefaultImageNameSubstitutor (composite of 'ConfigurationFileImageNameSubstitutor' and 'PrefixingImageNameSubstitutor')
2023-12-01T00:05:29.585-03:00  INFO 107279 --- [    Test worker] o.t.d.DockerClientProviderStrategy       : Loaded org.testcontainers.dockerclient.UnixSocketClientProviderStrategy from ~/.testcontainers.properties, will try it first
2023-12-01T00:05:29.716-03:00  INFO 107279 --- [    Test worker] o.t.d.DockerClientProviderStrategy       : Found Docker environment with local Unix socket (unix:///var/run/docker.sock)
2023-12-01T00:05:29.716-03:00  INFO 107279 --- [    Test worker] org.testcontainers.DockerClientFactory   : Docker host IP address is localhost
2023-12-01T00:05:29.725-03:00  INFO 107279 --- [    Test worker] org.testcontainers.DockerClientFactory   : Connected to docker: 
  Server Version: 24.0.6
  API Version: 1.43
  Operating System: Ubuntu 22.04.3 LTS
  Total Memory: 31769 MB
2023-12-01T00:05:29.736-03:00  INFO 107279 --- [    Test worker] tc.testcontainers/ryuk:0.5.1             : Creating container for image: testcontainers/ryuk:0.5.1
2023-12-01T00:05:29.738-03:00  INFO 107279 --- [    Test worker] o.t.utility.RegistryAuthLocator          : Failure when attempting to lookup auth config. Please ignore if you don't have images in an authenticated registry. Details: (dockerImageName: testcontainers/ryuk:0.5.1, configFile: /home/lucas/.docker/config.json, configEnv: DOCKER_AUTH_CONFIG). Falling back to docker-java default behaviour. Exception message: Status 404: No config supplied. Checked in order: /home/lucas/.docker/config.json (file not found), DOCKER_AUTH_CONFIG (not set)
2023-12-01T00:05:29.793-03:00  INFO 107279 --- [    Test worker] tc.testcontainers/ryuk:0.5.1             : Container testcontainers/ryuk:0.5.1 is starting: 7be22a1f611d5c23a0f8e2f538d0c58332f8f2478811d91ca7677e6d7b597f36
2023-12-01T00:05:30.098-03:00  INFO 107279 --- [    Test worker] tc.testcontainers/ryuk:0.5.1             : Container testcontainers/ryuk:0.5.1 started in PT0.362027422S
2023-12-01T00:05:30.099-03:00  INFO 107279 --- [    Test worker] o.t.utility.RyukResourceReaper           : Ryuk started - will monitor and terminate Testcontainers containers on JVM exit
2023-12-01T00:05:30.100-03:00  INFO 107279 --- [    Test worker] org.testcontainers.DockerClientFactory   : Checking the system...
2023-12-01T00:05:30.100-03:00  INFO 107279 --- [    Test worker] org.testcontainers.DockerClientFactory   : ✔︎ Docker server version should be at least 1.6.0
2023-12-01T00:05:30.100-03:00  INFO 107279 --- [    Test worker] tc.postgres:latest                       : Creating container for image: postgres:latest
2023-12-01T00:05:30.156-03:00  INFO 107279 --- [    Test worker] tc.postgres:latest                       : Container postgres:latest is starting: 296a5f1aad8dd1ea88c0de06e737a1fb585de9befd56ff0a3de6c3f7d24ac117
2023-12-01T00:05:31.163-03:00  INFO 107279 --- [    Test worker] tc.postgres:latest                       : Container postgres:latest started in PT1.062609752S
2023-12-01T00:05:31.163-03:00  INFO 107279 --- [    Test worker] tc.postgres:latest                       : Container is started (JDBC URL: jdbc:postgresql://localhost:32795/test?loggerLevel=OFF)
2023-12-01T00:05:31.234-03:00  INFO 107279 --- [    Test worker] com.zaxxer.hikari.pool.HikariPool        : HikariPool-1 - Added connection org.testcontainers.jdbc.ConnectionWrapper@6c24f61d
2023-12-01T00:05:31.235-03:00  INFO 107279 --- [    Test worker] com.zaxxer.hikari.HikariDataSource       : HikariPool-1 - Start completed.
2023-12-01T00:05:31.266-03:00  INFO 107279 --- [    Test worker] o.f.c.internal.license.VersionPrinter    : Flyway Community Edition 9.22.3 by Redgate
2023-12-01T00:05:31.266-03:00  INFO 107279 --- [    Test worker] o.f.c.internal.license.VersionPrinter    : See release notes here: https://rd.gt/416ObMi
2023-12-01T00:05:31.266-03:00  INFO 107279 --- [    Test worker] o.f.c.internal.license.VersionPrinter    : 
2023-12-01T00:05:31.272-03:00  INFO 107279 --- [    Test worker] org.flywaydb.core.FlywayExecutor         : Database: jdbc:postgresql://localhost:32795/test (PostgreSQL 16.1)
2023-12-01T00:05:31.276-03:00  WARN 107279 --- [    Test worker] o.f.c.internal.database.base.Database    : Flyway upgrade recommended: PostgreSQL 16.1 is newer than this version of Flyway and support has not been tested. The latest supported version of PostgreSQL is 15.
2023-12-01T00:05:31.284-03:00  INFO 107279 --- [    Test worker] o.f.c.i.s.JdbcTableSchemaHistory         : Schema history table "public"."flyway_schema_history" does not exist yet
2023-12-01T00:05:31.285-03:00  INFO 107279 --- [    Test worker] o.f.core.internal.command.DbValidate     : Successfully validated 1 migration (execution time 00:00.006s)
2023-12-01T00:05:31.290-03:00  INFO 107279 --- [    Test worker] o.f.c.i.s.JdbcTableSchemaHistory         : Creating Schema History table "public"."flyway_schema_history" ...
2023-12-01T00:05:31.309-03:00  INFO 107279 --- [    Test worker] o.f.core.internal.command.DbMigrate      : Current version of schema "public": << Empty Schema >>
2023-12-01T00:05:31.311-03:00  INFO 107279 --- [    Test worker] o.f.core.internal.command.DbMigrate      : Migrating schema "public" to version "001 - create account table"
2023-12-01T00:05:31.318-03:00  INFO 107279 --- [    Test worker] o.f.core.internal.command.DbMigrate      : Successfully applied 1 migration to schema "public", now at version v001 (execution time 00:00.002s)
2023-12-01T00:05:31.575-03:00  INFO 107279 --- [    Test worker] c.l.t.TransactionsApplicationTests       : Started TransactionsApplicationTests in 2.687 seconds (process running for 3.083)
]]></system-out>
  <system-err><![CDATA[]]></system-err>
</testsuite>
