<?xml version="1.0" encoding="UTF-8"?>
<testsuite name="com.lucas.transactions.infrastructure.postgresql.PostgresqlAccountRepositoryIntegrationTests" tests="4" skipped="0" failures="0" errors="0" timestamp="2023-12-07T20:30:23" hostname="lucas-Alienware-m16-R1" time="0.257">
  <properties/>
  <testcase name="shouldReturnIfThereIsAnyAccountFalse()" classname="com.lucas.transactions.infrastructure.postgresql.PostgresqlAccountRepositoryIntegrationTests" time="0.225"/>
  <testcase name="shouldFetchAccount()" classname="com.lucas.transactions.infrastructure.postgresql.PostgresqlAccountRepositoryIntegrationTests" time="0.024"/>
  <testcase name="shouldSaveAccount()" classname="com.lucas.transactions.infrastructure.postgresql.PostgresqlAccountRepositoryIntegrationTests" time="0.004"/>
  <testcase name="shouldReturnIfThereIsAnyAccountTrue()" classname="com.lucas.transactions.infrastructure.postgresql.PostgresqlAccountRepositoryIntegrationTests" time="0.004"/>
  <system-out><![CDATA[2023-12-07T17:30:23.509-03:00  INFO 29474 --- [    Test worker] c.l.t.i.p.PostgresqlAccountRepository    : Looking for account with id: 9edac561-9d78-4cfa-be1e-0bbe5d326daa
2023-12-07T17:30:23.679-03:00  INFO 29474 --- [    Test worker] org.jooq.Constants                       : 
                                      
@@@@@@@@@@@@@@@@@@@@@@@@@@@@@@@@@@@@@@
@@@@@@@@@@@@@@@@@@@@@@@@@@@@@@@@@@@@@@
@@@@@@@@@@@@@@@@  @@        @@@@@@@@@@
@@@@@@@@@@@@@@@@@@@@        @@@@@@@@@@
@@@@@@@@@@@@@@@@  @@  @@    @@@@@@@@@@
@@@@@@@@@@  @@@@  @@  @@    @@@@@@@@@@
@@@@@@@@@@        @@        @@@@@@@@@@
@@@@@@@@@@@@@@@@@@@@@@@@@@@@@@@@@@@@@@
@@@@@@@@@@@@@@@@@@@@@@@@@@@@@@@@@@@@@@
@@@@@@@@@@        @@        @@@@@@@@@@
@@@@@@@@@@    @@  @@  @@@@  @@@@@@@@@@
@@@@@@@@@@    @@  @@  @@@@  @@@@@@@@@@
@@@@@@@@@@        @@  @  @  @@@@@@@@@@
@@@@@@@@@@        @@        @@@@@@@@@@
@@@@@@@@@@@@@@@@@@@@@@@  @@@@@@@@@@@@@
@@@@@@@@@@@@@@@@@@@@@@@@@@@@@@@@@@@@@@
@@@@@@@@@@@@@@@@@@@@@@@@@@@@@@@@@@@@@@  Thank you for using jOOQ 3.18.2
                                      
2023-12-07T17:30:23.679-03:00  INFO 29474 --- [    Test worker] org.jooq.Constants                       : 

jOOQ tip of the day: Synthetic primary keys / foreign keys are very helpful when working with views: https://www.jooq.org/doc/latest/manual/code-generation/codegen-advanced/codegen-config-database/codegen-database-synthetic-objects/codegen-database-synthetic-fks/

2023-12-07T17:30:23.708-03:00  INFO 29474 --- [    Test worker] o.j.i.D.logVersionSupport                : Version                  : Database version is supported by dialect POSTGRES: 16.1 (Debian 16.1-1.pgdg120+1)
2023-12-07T17:30:23.745-03:00  INFO 29474 --- [    Test worker] c.l.t.i.p.PostgresqlAccountRepository    : Looking for account with id: d64b3328-98e1-4c9d-9bcd-6fcdc4496f07
2023-12-07T17:30:23.749-03:00  INFO 29474 --- [    Test worker] c.l.t.i.p.PostgresqlAccountRepository    : Adding new account with document number: 12345678901
2023-12-07T17:30:23.754-03:00  INFO 29474 --- [    Test worker] c.l.t.i.p.PostgresqlAccountRepository    : Looking for account with id: bfe4f55d-ed50-42e9-9e26-ce41255d20ce
]]></system-out>
  <system-err><![CDATA[]]></system-err>
</testsuite>
