<?xml version="1.0" encoding="UTF-8"?>
<testsuite name="com.lucas.transactions.api.transaction.TransactionControllerTest" tests="1" skipped="0" failures="0" errors="0" timestamp="2023-12-07T20:30:23" hostname="lucas-Alienware-m16-R1" time="0.02">
  <properties/>
  <testcase name="shouldCreateTransactionAndReturnId()" classname="com.lucas.transactions.api.transaction.TransactionControllerTest" time="0.02"/>
  <system-out><![CDATA[
  .   ____          _            __ _ _
 /\\ / ___'_ __ _ _(_)_ __  __ _ \ \ \ \
( ( )\___ | '_ | '_| | '_ \/ _` | \ \ \ \
 \\/  ___)| |_)| | | | | || (_| |  ) ) ) )
  '  |____| .__|_| |_|_| |_\__, | / / / /
 =========|_|==============|___/=/_/_/_/
 :: Spring Boot ::                (v3.2.0)

2023-12-07T17:30:23.034-03:00  INFO 29474 --- [    Test worker] c.l.t.a.t.TransactionControllerTest      : Starting TransactionControllerTest using Java 17.0.9 with PID 29474 (started by lucas in /home/lucas/dev/pismo)
2023-12-07T17:30:23.034-03:00  INFO 29474 --- [    Test worker] c.l.t.a.t.TransactionControllerTest      : The following 1 profile is active: "test"
2023-12-07T17:30:23.231-03:00  INFO 29474 --- [    Test worker] com.zaxxer.hikari.HikariDataSource       : HikariPool-3 - Starting...
2023-12-07T17:30:23.284-03:00  INFO 29474 --- [    Test worker] com.zaxxer.hikari.pool.HikariPool        : HikariPool-3 - Added connection org.testcontainers.jdbc.ConnectionWrapper@496e2bdd
2023-12-07T17:30:23.285-03:00  INFO 29474 --- [    Test worker] com.zaxxer.hikari.HikariDataSource       : HikariPool-3 - Start completed.
2023-12-07T17:30:23.290-03:00  INFO 29474 --- [    Test worker] org.flywaydb.core.FlywayExecutor         : Database: jdbc:postgresql://localhost:32783/test (PostgreSQL 16.1)
2023-12-07T17:30:23.292-03:00  WARN 29474 --- [    Test worker] o.f.c.internal.database.base.Database    : Flyway upgrade recommended: PostgreSQL 16.1 is newer than this version of Flyway and support has not been tested. The latest supported version of PostgreSQL is 15.
2023-12-07T17:30:23.298-03:00  INFO 29474 --- [    Test worker] o.f.core.internal.command.DbValidate     : Successfully validated 3 migrations (execution time 00:00.004s)
2023-12-07T17:30:23.309-03:00  INFO 29474 --- [    Test worker] o.f.core.internal.command.DbMigrate      : Current version of schema "public": 003
2023-12-07T17:30:23.310-03:00  INFO 29474 --- [    Test worker] o.f.core.internal.command.DbMigrate      : Schema "public" is up to date. No migration necessary.
2023-12-07T17:30:23.425-03:00  INFO 29474 --- [    Test worker] o.s.b.t.m.w.SpringBootMockServletContext : Initializing Spring TestDispatcherServlet ''
2023-12-07T17:30:23.425-03:00  INFO 29474 --- [    Test worker] o.s.t.web.servlet.TestDispatcherServlet  : Initializing Servlet ''
2023-12-07T17:30:23.425-03:00  INFO 29474 --- [    Test worker] o.s.t.web.servlet.TestDispatcherServlet  : Completed initialization in 0 ms
2023-12-07T17:30:23.452-03:00  INFO 29474 --- [    Test worker] c.l.t.a.t.TransactionControllerTest      : Started TransactionControllerTest in 0.43 seconds (process running for 4.851)
]]></system-out>
  <system-err><![CDATA[]]></system-err>
</testsuite>
