<?xml version="1.0" encoding="UTF-8"?>
<testsuite name="com.lucas.transactions.infrastructure.postgresql.PostgresqlTransactionRepositoryIntegrationTests" tests="1" skipped="0" failures="0" errors="0" timestamp="2023-12-01T19:41:48" hostname="lucas-Alienware-m16-R1" time="0.01">
  <properties/>
  <testcase name="shouldCreateTransaction()" classname="com.lucas.transactions.infrastructure.postgresql.PostgresqlTransactionRepositoryIntegrationTests" time="0.01"/>
  <system-out><![CDATA[2023-12-01T16:41:48.474-03:00  INFO 234528 --- [    Test worker] c.l.t.i.p.PostgresqlAccountRepository    : Adding new transaction for account: c571d6d4-f7a0-42c0-a006-eb31665ab65f
]]></system-out>
  <system-err><![CDATA[]]></system-err>
</testsuite>
