<?xml version="1.0" encoding="UTF-8"?>
<testsuite name="com.lucas.transactions.api.account.AccountControllerIntegrationTests" tests="1" skipped="0" failures="0" errors="0" timestamp="2023-12-01T13:42:24" hostname="lucas-Alienware-m16-R1" time="0.995">
  <properties/>
  <testcase name="shouldReturnDefaultMessage()" classname="com.lucas.transactions.api.account.AccountControllerIntegrationTests" time="0.995"/>
  <system-out><![CDATA[10:42:21.414 [Test worker] INFO org.springframework.test.context.support.AnnotationConfigContextLoaderUtils -- Could not detect default configuration classes for test class [com.lucas.transactions.api.account.AccountControllerIntegrationTests]: AccountControllerIntegrationTests does not declare any static, non-private, non-final, nested classes annotated with @Configuration.
10:42:21.478 [Test worker] INFO org.springframework.boot.test.context.SpringBootTestContextBootstrapper -- Found @SpringBootConfiguration com.lucas.transactions.TransactionsApplication for test class com.lucas.transactions.api.account.AccountControllerIntegrationTests

  .   ____          _            __ _ _
 /\\ / ___'_ __ _ _(_)_ __  __ _ \ \ \ \
( ( )\___ | '_ | '_| | '_ \/ _` | \ \ \ \
 \\/  ___)| |_)| | | | | || (_| |  ) ) ) )
  '  |____| .__|_| |_|_| |_\__, | / / / /
 =========|_|==============|___/=/_/_/_/
 :: Spring Boot ::                (v3.2.0)

2023-12-01T10:42:21.643-03:00  INFO 150879 --- [    Test worker] .t.a.a.AccountControllerIntegrationTests : Starting AccountControllerIntegrationTests using Java 17.0.9 with PID 150879 (started by lucas in /home/lucas/dev/pismo)
2023-12-01T10:42:21.643-03:00  INFO 150879 --- [    Test worker] .t.a.a.AccountControllerIntegrationTests : The following 1 profile is active: "test"
2023-12-01T10:42:22.263-03:00  INFO 150879 --- [    Test worker] com.zaxxer.hikari.HikariDataSource       : HikariPool-1 - Starting...
2023-12-01T10:42:22.293-03:00  INFO 150879 --- [    Test worker] org.testcontainers.images.PullPolicy     : Image pull policy will be performed by: DefaultPullPolicy()
2023-12-01T10:42:22.295-03:00  INFO 150879 --- [    Test worker] o.t.utility.ImageNameSubstitutor         : Image name substitution will be performed by: DefaultImageNameSubstitutor (composite of 'ConfigurationFileImageNameSubstitutor' and 'PrefixingImageNameSubstitutor')
2023-12-01T10:42:22.397-03:00  INFO 150879 --- [    Test worker] o.t.d.DockerClientProviderStrategy       : Loaded org.testcontainers.dockerclient.UnixSocketClientProviderStrategy from ~/.testcontainers.properties, will try it first
2023-12-01T10:42:22.596-03:00  INFO 150879 --- [    Test worker] o.t.d.DockerClientProviderStrategy       : Found Docker environment with local Unix socket (unix:///var/run/docker.sock)
2023-12-01T10:42:22.597-03:00  INFO 150879 --- [    Test worker] org.testcontainers.DockerClientFactory   : Docker host IP address is localhost
2023-12-01T10:42:22.611-03:00  INFO 150879 --- [    Test worker] org.testcontainers.DockerClientFactory   : Connected to docker: 
  Server Version: 24.0.6
  API Version: 1.43
  Operating System: Ubuntu 22.04.3 LTS
  Total Memory: 31769 MB
2023-12-01T10:42:22.629-03:00  INFO 150879 --- [    Test worker] tc.testcontainers/ryuk:0.5.1             : Creating container for image: testcontainers/ryuk:0.5.1
2023-12-01T10:42:22.633-03:00  INFO 150879 --- [    Test worker] o.t.utility.RegistryAuthLocator          : Failure when attempting to lookup auth config. Please ignore if you don't have images in an authenticated registry. Details: (dockerImageName: testcontainers/ryuk:0.5.1, configFile: /home/lucas/.docker/config.json, configEnv: DOCKER_AUTH_CONFIG). Falling back to docker-java default behaviour. Exception message: Status 404: No config supplied. Checked in order: /home/lucas/.docker/config.json (file not found), DOCKER_AUTH_CONFIG (not set)
2023-12-01T10:42:22.691-03:00  INFO 150879 --- [    Test worker] tc.testcontainers/ryuk:0.5.1             : Container testcontainers/ryuk:0.5.1 is starting: 4dadfd676efb434170c1f02d0a1419bce0adfa8736b11031c5e574cb30894615
2023-12-01T10:42:22.955-03:00  INFO 150879 --- [    Test worker] tc.testcontainers/ryuk:0.5.1             : Container testcontainers/ryuk:0.5.1 started in PT0.326827602S
2023-12-01T10:42:22.958-03:00  INFO 150879 --- [    Test worker] o.t.utility.RyukResourceReaper           : Ryuk started - will monitor and terminate Testcontainers containers on JVM exit
2023-12-01T10:42:22.958-03:00  INFO 150879 --- [    Test worker] org.testcontainers.DockerClientFactory   : Checking the system...
2023-12-01T10:42:22.958-03:00  INFO 150879 --- [    Test worker] org.testcontainers.DockerClientFactory   : ✔︎ Docker server version should be at least 1.6.0
2023-12-01T10:42:22.958-03:00  INFO 150879 --- [    Test worker] tc.postgres:latest                       : Creating container for image: postgres:latest
2023-12-01T10:42:22.967-03:00  INFO 150879 --- [    Test worker] tc.postgres:latest                       : Container postgres:latest is starting: 5e3375f5085ee0bb0dbf22b4d5e03c27912b154b9c57a9a721234bc170b66c91
2023-12-01T10:42:23.946-03:00  INFO 150879 --- [    Test worker] tc.postgres:latest                       : Container postgres:latest started in PT0.987723991S
2023-12-01T10:42:23.948-03:00  INFO 150879 --- [    Test worker] tc.postgres:latest                       : Container is started (JDBC URL: jdbc:postgresql://localhost:32824/test?loggerLevel=OFF)
2023-12-01T10:42:24.025-03:00  INFO 150879 --- [    Test worker] com.zaxxer.hikari.pool.HikariPool        : HikariPool-1 - Added connection org.testcontainers.jdbc.ConnectionWrapper@f76872f
2023-12-01T10:42:24.026-03:00  INFO 150879 --- [    Test worker] com.zaxxer.hikari.HikariDataSource       : HikariPool-1 - Start completed.
2023-12-01T10:42:24.056-03:00  INFO 150879 --- [    Test worker] o.f.c.internal.license.VersionPrinter    : Flyway Community Edition 9.22.3 by Redgate
2023-12-01T10:42:24.056-03:00  INFO 150879 --- [    Test worker] o.f.c.internal.license.VersionPrinter    : See release notes here: https://rd.gt/416ObMi
2023-12-01T10:42:24.056-03:00  INFO 150879 --- [    Test worker] o.f.c.internal.license.VersionPrinter    : 
2023-12-01T10:42:24.062-03:00  INFO 150879 --- [    Test worker] org.flywaydb.core.FlywayExecutor         : Database: jdbc:postgresql://localhost:32824/test (PostgreSQL 16.1)
2023-12-01T10:42:24.065-03:00  WARN 150879 --- [    Test worker] o.f.c.internal.database.base.Database    : Flyway upgrade recommended: PostgreSQL 16.1 is newer than this version of Flyway and support has not been tested. The latest supported version of PostgreSQL is 15.
2023-12-01T10:42:24.073-03:00  INFO 150879 --- [    Test worker] o.f.c.i.s.JdbcTableSchemaHistory         : Schema history table "public"."flyway_schema_history" does not exist yet
2023-12-01T10:42:24.075-03:00  INFO 150879 --- [    Test worker] o.f.core.internal.command.DbValidate     : Successfully validated 1 migration (execution time 00:00.006s)
2023-12-01T10:42:24.080-03:00  INFO 150879 --- [    Test worker] o.f.c.i.s.JdbcTableSchemaHistory         : Creating Schema History table "public"."flyway_schema_history" ...
2023-12-01T10:42:24.103-03:00  INFO 150879 --- [    Test worker] o.f.core.internal.command.DbMigrate      : Current version of schema "public": << Empty Schema >>
2023-12-01T10:42:24.108-03:00  INFO 150879 --- [    Test worker] o.f.core.internal.command.DbMigrate      : Migrating schema "public" to version "001 - create accounts and transactions table"
2023-12-01T10:42:24.120-03:00  INFO 150879 --- [    Test worker] o.f.core.internal.command.DbMigrate      : Successfully applied 1 migration to schema "public", now at version v001 (execution time 00:00.006s)
2023-12-01T10:42:24.394-03:00  INFO 150879 --- [    Test worker] o.s.b.t.m.w.SpringBootMockServletContext : Initializing Spring TestDispatcherServlet ''
2023-12-01T10:42:24.395-03:00  INFO 150879 --- [    Test worker] o.s.t.web.servlet.TestDispatcherServlet  : Initializing Servlet ''
2023-12-01T10:42:24.396-03:00  INFO 150879 --- [    Test worker] o.s.t.web.servlet.TestDispatcherServlet  : Completed initialization in 1 ms
2023-12-01T10:42:24.418-03:00  INFO 150879 --- [    Test worker] .t.a.a.AccountControllerIntegrationTests : Started AccountControllerIntegrationTests in 2.887 seconds (process running for 3.328)
2023-12-01T10:42:25.857-03:00  WARN 150879 --- [    Test worker] .w.s.m.s.DefaultHandlerExceptionResolver : Resolved [org.springframework.http.converter.HttpMessageNotReadableException: JSON parse error: Unexpected character (''' (code 39)): was expecting double-quote to start field name]
]]></system-out>
  <system-err><![CDATA[]]></system-err>
</testsuite>
