<?xml version="1.0" encoding="UTF-8"?>
<testsuite name="com.lucas.transactions.domain.valueObjects.transaction.validators.DebitValidatorTests" tests="2" skipped="0" failures="0" errors="0" timestamp="2023-12-07T20:30:23" hostname="lucas-Alienware-m16-R1" time="0.001">
  <properties/>
  <testcase name="shouldValidateDebitOperation()" classname="com.lucas.transactions.domain.valueObjects.transaction.validators.DebitValidatorTests" time="0.0"/>
  <testcase name="shouldValidateDebitOperationWhenValueIsNegative()" classname="com.lucas.transactions.domain.valueObjects.transaction.validators.DebitValidatorTests" time="0.001"/>
  <system-out><![CDATA[]]></system-out>
  <system-err><![CDATA[]]></system-err>
</testsuite>
