<?xml version="1.0" encoding="UTF-8"?>
<testsuite name="com.lucas.transactions.domain.valueObjects.AmountTest" tests="5" skipped="0" failures="0" errors="0" timestamp="2023-12-01T19:41:48" hostname="lucas-Alienware-m16-R1" time="0.004">
  <properties/>
  <testcase name="shouldReturnNumberValuePositive()" classname="com.lucas.transactions.domain.valueObjects.AmountTest" time="0.002"/>
  <testcase name="shouldReturnNumberValueNegative()" classname="com.lucas.transactions.domain.valueObjects.AmountTest" time="0.001"/>
  <testcase name="shouldReturnStringValueFromString()" classname="com.lucas.transactions.domain.valueObjects.AmountTest" time="0.0"/>
  <testcase name="shouldReturnStringValuePositive()" classname="com.lucas.transactions.domain.valueObjects.AmountTest" time="0.0"/>
  <testcase name="shouldReturnStringValueNegative()" classname="com.lucas.transactions.domain.valueObjects.AmountTest" time="0.001"/>
  <system-out><![CDATA[]]></system-out>
  <system-err><![CDATA[]]></system-err>
</testsuite>
