<?xml version="1.0" encoding="UTF-8"?>
<testsuite name="com.lucas.transactions.TransactionsApplicationTests" tests="1" skipped="0" failures="0" errors="0" timestamp="2023-12-01T19:41:46" hostname="lucas-Alienware-m16-R1" time="0.359">
  <properties/>
  <testcase name="contextLoads()" classname="com.lucas.transactions.TransactionsApplicationTests" time="0.359"/>
  <system-out><![CDATA[16:41:44.081 [Test worker] INFO org.springframework.test.context.support.AnnotationConfigContextLoaderUtils -- Could not detect default configuration classes for test class [com.lucas.transactions.TransactionsApplicationTests]: TransactionsApplicationTests does not declare any static, non-private, non-final, nested classes annotated with @Configuration.
16:41:44.124 [Test worker] INFO org.springframework.boot.test.context.SpringBootTestContextBootstrapper -- Found @SpringBootConfiguration com.lucas.transactions.TransactionsApplication for test class com.lucas.transactions.TransactionsApplicationTests

  .   ____          _            __ _ _
 /\\ / ___'_ __ _ _(_)_ __  __ _ \ \ \ \
( ( )\___ | '_ | '_| | '_ \/ _` | \ \ \ \
 \\/  ___)| |_)| | | | | || (_| |  ) ) ) )
  '  |____| .__|_| |_|_| |_\__, | / / / /
 =========|_|==============|___/=/_/_/_/
 :: Spring Boot ::                (v3.2.0)

2023-12-01T16:41:44.256-03:00  INFO 234528 --- [    Test worker] c.l.t.TransactionsApplicationTests       : Starting TransactionsApplicationTests using Java 17.0.9 with PID 234528 (started by lucas in /home/lucas/dev/pismo)
2023-12-01T16:41:44.257-03:00  INFO 234528 --- [    Test worker] c.l.t.TransactionsApplicationTests       : The following 1 profile is active: "test"
2023-12-01T16:41:44.614-03:00  INFO 234528 --- [    Test worker] com.zaxxer.hikari.HikariDataSource       : HikariPool-1 - Starting...
2023-12-01T16:41:44.631-03:00  INFO 234528 --- [    Test worker] org.testcontainers.images.PullPolicy     : Image pull policy will be performed by: DefaultPullPolicy()
2023-12-01T16:41:44.631-03:00  INFO 234528 --- [    Test worker] o.t.utility.ImageNameSubstitutor         : Image name substitution will be performed by: DefaultImageNameSubstitutor (composite of 'ConfigurationFileImageNameSubstitutor' and 'PrefixingImageNameSubstitutor')
2023-12-01T16:41:44.689-03:00  INFO 234528 --- [    Test worker] o.t.d.DockerClientProviderStrategy       : Loaded org.testcontainers.dockerclient.UnixSocketClientProviderStrategy from ~/.testcontainers.properties, will try it first
2023-12-01T16:41:44.807-03:00  INFO 234528 --- [    Test worker] o.t.d.DockerClientProviderStrategy       : Found Docker environment with local Unix socket (unix:///var/run/docker.sock)
2023-12-01T16:41:44.808-03:00  INFO 234528 --- [    Test worker] org.testcontainers.DockerClientFactory   : Docker host IP address is localhost
2023-12-01T16:41:44.815-03:00  INFO 234528 --- [    Test worker] org.testcontainers.DockerClientFactory   : Connected to docker: 
  Server Version: 24.0.6
  API Version: 1.43
  Operating System: Ubuntu 22.04.3 LTS
  Total Memory: 31769 MB
2023-12-01T16:41:44.824-03:00  INFO 234528 --- [    Test worker] tc.testcontainers/ryuk:0.5.1             : Creating container for image: testcontainers/ryuk:0.5.1
2023-12-01T16:41:44.827-03:00  INFO 234528 --- [    Test worker] o.t.utility.RegistryAuthLocator          : Failure when attempting to lookup auth config. Please ignore if you don't have images in an authenticated registry. Details: (dockerImageName: testcontainers/ryuk:0.5.1, configFile: /home/lucas/.docker/config.json, configEnv: DOCKER_AUTH_CONFIG). Falling back to docker-java default behaviour. Exception message: Status 404: No config supplied. Checked in order: /home/lucas/.docker/config.json (file not found), DOCKER_AUTH_CONFIG (not set)
2023-12-01T16:41:44.879-03:00  INFO 234528 --- [    Test worker] tc.testcontainers/ryuk:0.5.1             : Container testcontainers/ryuk:0.5.1 is starting: 83bead7ff0426751cba5e562d033a9cbe294a0b56985589e17f245590d1aee07
2023-12-01T16:41:45.188-03:00  INFO 234528 --- [    Test worker] tc.testcontainers/ryuk:0.5.1             : Container testcontainers/ryuk:0.5.1 started in PT0.363572102S
2023-12-01T16:41:45.190-03:00  INFO 234528 --- [    Test worker] o.t.utility.RyukResourceReaper           : Ryuk started - will monitor and terminate Testcontainers containers on JVM exit
2023-12-01T16:41:45.190-03:00  INFO 234528 --- [    Test worker] org.testcontainers.DockerClientFactory   : Checking the system...
2023-12-01T16:41:45.190-03:00  INFO 234528 --- [    Test worker] org.testcontainers.DockerClientFactory   : ✔︎ Docker server version should be at least 1.6.0
2023-12-01T16:41:45.191-03:00  INFO 234528 --- [    Test worker] tc.postgres:latest                       : Creating container for image: postgres:latest
2023-12-01T16:41:45.198-03:00  INFO 234528 --- [    Test worker] tc.postgres:latest                       : Container postgres:latest is starting: 4a9898d5fab1b4841f8a29f302be0490b02a4f8fd915422b61d5c2041b0bb3be
2023-12-01T16:41:46.180-03:00  INFO 234528 --- [    Test worker] tc.postgres:latest                       : Container postgres:latest started in PT0.989224068S
2023-12-01T16:41:46.181-03:00  INFO 234528 --- [    Test worker] tc.postgres:latest                       : Container is started (JDBC URL: jdbc:postgresql://localhost:32957/test?loggerLevel=OFF)
2023-12-01T16:41:46.248-03:00  INFO 234528 --- [    Test worker] com.zaxxer.hikari.pool.HikariPool        : HikariPool-1 - Added connection org.testcontainers.jdbc.ConnectionWrapper@85ab964
2023-12-01T16:41:46.249-03:00  INFO 234528 --- [    Test worker] com.zaxxer.hikari.HikariDataSource       : HikariPool-1 - Start completed.
2023-12-01T16:41:46.278-03:00  INFO 234528 --- [    Test worker] o.f.c.internal.license.VersionPrinter    : Flyway Community Edition 9.22.3 by Redgate
2023-12-01T16:41:46.279-03:00  INFO 234528 --- [    Test worker] o.f.c.internal.license.VersionPrinter    : See release notes here: https://rd.gt/416ObMi
2023-12-01T16:41:46.279-03:00  INFO 234528 --- [    Test worker] o.f.c.internal.license.VersionPrinter    : 
2023-12-01T16:41:46.285-03:00  INFO 234528 --- [    Test worker] org.flywaydb.core.FlywayExecutor         : Database: jdbc:postgresql://localhost:32957/test (PostgreSQL 16.1)
2023-12-01T16:41:46.288-03:00  WARN 234528 --- [    Test worker] o.f.c.internal.database.base.Database    : Flyway upgrade recommended: PostgreSQL 16.1 is newer than this version of Flyway and support has not been tested. The latest supported version of PostgreSQL is 15.
2023-12-01T16:41:46.296-03:00  INFO 234528 --- [    Test worker] o.f.c.i.s.JdbcTableSchemaHistory         : Schema history table "public"."flyway_schema_history" does not exist yet
2023-12-01T16:41:46.297-03:00  INFO 234528 --- [    Test worker] o.f.core.internal.command.DbValidate     : Successfully validated 2 migrations (execution time 00:00.006s)
2023-12-01T16:41:46.302-03:00  INFO 234528 --- [    Test worker] o.f.c.i.s.JdbcTableSchemaHistory         : Creating Schema History table "public"."flyway_schema_history" ...
2023-12-01T16:41:46.322-03:00  INFO 234528 --- [    Test worker] o.f.core.internal.command.DbMigrate      : Current version of schema "public": << Empty Schema >>
2023-12-01T16:41:46.324-03:00  INFO 234528 --- [    Test worker] o.f.core.internal.command.DbMigrate      : Migrating schema "public" to version "001 - create accounts and transactions table"
2023-12-01T16:41:46.333-03:00  INFO 234528 --- [    Test worker] o.f.core.internal.command.DbMigrate      : Migrating schema "public" to version "002 - create operation type table"
2023-12-01T16:41:46.337-03:00  INFO 234528 --- [    Test worker] o.f.core.internal.command.DbMigrate      : Successfully applied 2 migrations to schema "public", now at version v002 (execution time 00:00.005s)
2023-12-01T16:41:46.786-03:00  INFO 234528 --- [    Test worker] c.l.t.TransactionsApplicationTests       : Started TransactionsApplicationTests in 2.612 seconds (process running for 3.001)
]]></system-out>
  <system-err><![CDATA[]]></system-err>
</testsuite>
