<?xml version="1.0" encoding="UTF-8"?>
<testsuite name="com.lucas.transactions.domain.valueObjects.transaction.validators.CreditValidatorTests" tests="2" skipped="0" failures="0" errors="0" timestamp="2023-12-01T19:44:53" hostname="lucas-Alienware-m16-R1" time="0.002">
  <properties/>
  <testcase name="shouldValidateCreditOperation()" classname="com.lucas.transactions.domain.valueObjects.transaction.validators.CreditValidatorTests" time="0.001"/>
  <testcase name="shouldValidateCreditOperationWhenValueIsNegative()" classname="com.lucas.transactions.domain.valueObjects.transaction.validators.CreditValidatorTests" time="0.001"/>
  <system-out><![CDATA[]]></system-out>
  <system-err><![CDATA[]]></system-err>
</testsuite>
