<?xml version="1.0" encoding="UTF-8"?>
<testsuite name="com.lucas.transactions.api.account.AccountControllerTests" tests="2" skipped="0" failures="0" errors="0" timestamp="2023-12-01T19:06:41" hostname="lucas-Alienware-m16-R1" time="0.096">
  <properties/>
  <testcase name="shouldGetAccount()" classname="com.lucas.transactions.api.account.AccountControllerTests" time="0.074"/>
  <testcase name="shouldCreateAccountAndReturnId()" classname="com.lucas.transactions.api.account.AccountControllerTests" time="0.021"/>
  <system-out><![CDATA[
  .   ____          _            __ _ _
 /\\ / ___'_ __ _ _(_)_ __  __ _ \ \ \ \
( ( )\___ | '_ | '_| | '_ \/ _` | \ \ \ \
 \\/  ___)| |_)| | | | | || (_| |  ) ) ) )
  '  |____| .__|_| |_|_| |_\__, | / / / /
 =========|_|==============|___/=/_/_/_/
 :: Spring Boot ::                (v3.2.0)

2023-12-01T16:06:40.405-03:00  INFO 225995 --- [    Test worker] c.l.t.a.account.AccountControllerTests   : Starting AccountControllerTests using Java 17.0.9 with PID 225995 (started by lucas in /home/lucas/dev/pismo)
2023-12-01T16:06:40.405-03:00  INFO 225995 --- [    Test worker] c.l.t.a.account.AccountControllerTests   : The following 1 profile is active: "test"
2023-12-01T16:06:40.644-03:00  INFO 225995 --- [    Test worker] com.zaxxer.hikari.HikariDataSource       : HikariPool-2 - Starting...
2023-12-01T16:06:40.685-03:00  INFO 225995 --- [    Test worker] com.zaxxer.hikari.pool.HikariPool        : HikariPool-2 - Added connection org.testcontainers.jdbc.ConnectionWrapper@1e5190bd
2023-12-01T16:06:40.685-03:00  INFO 225995 --- [    Test worker] com.zaxxer.hikari.HikariDataSource       : HikariPool-2 - Start completed.
2023-12-01T16:06:40.691-03:00  INFO 225995 --- [    Test worker] org.flywaydb.core.FlywayExecutor         : Database: jdbc:postgresql://localhost:32941/test (PostgreSQL 16.1)
2023-12-01T16:06:40.693-03:00  WARN 225995 --- [    Test worker] o.f.c.internal.database.base.Database    : Flyway upgrade recommended: PostgreSQL 16.1 is newer than this version of Flyway and support has not been tested. The latest supported version of PostgreSQL is 15.
2023-12-01T16:06:40.698-03:00  INFO 225995 --- [    Test worker] o.f.core.internal.command.DbValidate     : Successfully validated 2 migrations (execution time 00:00.004s)
2023-12-01T16:06:40.716-03:00  INFO 225995 --- [    Test worker] o.f.core.internal.command.DbMigrate      : Current version of schema "public": 002
2023-12-01T16:06:40.717-03:00  INFO 225995 --- [    Test worker] o.f.core.internal.command.DbMigrate      : Schema "public" is up to date. No migration necessary.
2023-12-01T16:06:40.948-03:00  INFO 225995 --- [    Test worker] o.s.b.t.m.w.SpringBootMockServletContext : Initializing Spring TestDispatcherServlet ''
2023-12-01T16:06:40.948-03:00  INFO 225995 --- [    Test worker] o.s.t.web.servlet.TestDispatcherServlet  : Initializing Servlet ''
2023-12-01T16:06:40.951-03:00  INFO 225995 --- [    Test worker] o.s.t.web.servlet.TestDispatcherServlet  : Completed initialization in 1 ms
2023-12-01T16:06:40.996-03:00  INFO 225995 --- [    Test worker] c.l.t.a.account.AccountControllerTests   : Started AccountControllerTests in 0.603 seconds (process running for 4.028)
]]></system-out>
  <system-err><![CDATA[]]></system-err>
</testsuite>
