<?xml version="1.0" encoding="UTF-8"?>
<testsuite name="com.lucas.transactions.infrastructure.postgresql.PostgresqlTransactionRepositoryIntegrationTests" tests="1" skipped="0" failures="0" errors="0" timestamp="2023-12-07T20:30:23" hostname="lucas-Alienware-m16-R1" time="0.011">
  <properties/>
  <testcase name="shouldCreateTransaction()" classname="com.lucas.transactions.infrastructure.postgresql.PostgresqlTransactionRepositoryIntegrationTests" time="0.011"/>
  <system-out><![CDATA[2023-12-07T17:30:23.802-03:00  INFO 29474 --- [    Test worker] c.l.t.i.p.PostgresqlAccountRepository    : Adding new transaction for account: 41ef295a-5df2-423c-94fb-24265fb5a5ba
]]></system-out>
  <system-err><![CDATA[]]></system-err>
</testsuite>
