<?xml version="1.0" encoding="UTF-8"?>
<testsuite name="com.lucas.transactions.api.account.AccountControllerTests" tests="2" skipped="0" failures="0" errors="0" timestamp="2023-12-01T19:41:47" hostname="lucas-Alienware-m16-R1" time="0.091">
  <properties/>
  <testcase name="shouldGetAccount()" classname="com.lucas.transactions.api.account.AccountControllerTests" time="0.07"/>
  <testcase name="shouldCreateAccountAndReturnId()" classname="com.lucas.transactions.api.account.AccountControllerTests" time="0.02"/>
  <system-out><![CDATA[
  .   ____          _            __ _ _
 /\\ / ___'_ __ _ _(_)_ __  __ _ \ \ \ \
( ( )\___ | '_ | '_| | '_ \/ _` | \ \ \ \
 \\/  ___)| |_)| | | | | || (_| |  ) ) ) )
  '  |____| .__|_| |_|_| |_\__, | / / / /
 =========|_|==============|___/=/_/_/_/
 :: Spring Boot ::                (v3.2.0)

2023-12-01T16:41:47.173-03:00  INFO 234528 --- [    Test worker] c.l.t.a.account.AccountControllerTests   : Starting AccountControllerTests using Java 17.0.9 with PID 234528 (started by lucas in /home/lucas/dev/pismo)
2023-12-01T16:41:47.173-03:00  INFO 234528 --- [    Test worker] c.l.t.a.account.AccountControllerTests   : The following 1 profile is active: "test"
2023-12-01T16:41:47.389-03:00  INFO 234528 --- [    Test worker] com.zaxxer.hikari.HikariDataSource       : HikariPool-2 - Starting...
2023-12-01T16:41:47.510-03:00  INFO 234528 --- [    Test worker] com.zaxxer.hikari.pool.HikariPool        : HikariPool-2 - Added connection org.testcontainers.jdbc.ConnectionWrapper@594fcb22
2023-12-01T16:41:47.510-03:00  INFO 234528 --- [    Test worker] com.zaxxer.hikari.HikariDataSource       : HikariPool-2 - Start completed.
2023-12-01T16:41:47.517-03:00  INFO 234528 --- [    Test worker] org.flywaydb.core.FlywayExecutor         : Database: jdbc:postgresql://localhost:32957/test (PostgreSQL 16.1)
2023-12-01T16:41:47.518-03:00  WARN 234528 --- [    Test worker] o.f.c.internal.database.base.Database    : Flyway upgrade recommended: PostgreSQL 16.1 is newer than this version of Flyway and support has not been tested. The latest supported version of PostgreSQL is 15.
2023-12-01T16:41:47.523-03:00  INFO 234528 --- [    Test worker] o.f.core.internal.command.DbValidate     : Successfully validated 2 migrations (execution time 00:00.003s)
2023-12-01T16:41:47.596-03:00  INFO 234528 --- [    Test worker] o.f.core.internal.command.DbMigrate      : Current version of schema "public": 002
2023-12-01T16:41:47.597-03:00  INFO 234528 --- [    Test worker] o.f.core.internal.command.DbMigrate      : Schema "public" is up to date. No migration necessary.
2023-12-01T16:41:47.766-03:00  INFO 234528 --- [    Test worker] o.s.b.t.m.w.SpringBootMockServletContext : Initializing Spring TestDispatcherServlet ''
2023-12-01T16:41:47.766-03:00  INFO 234528 --- [    Test worker] o.s.t.web.servlet.TestDispatcherServlet  : Initializing Servlet ''
2023-12-01T16:41:47.768-03:00  INFO 234528 --- [    Test worker] o.s.t.web.servlet.TestDispatcherServlet  : Completed initialization in 0 ms
2023-12-01T16:41:47.789-03:00  INFO 234528 --- [    Test worker] c.l.t.a.account.AccountControllerTests   : Started AccountControllerTests in 0.623 seconds (process running for 4.004)
]]></system-out>
  <system-err><![CDATA[]]></system-err>
</testsuite>
