<?xml version="1.0" encoding="UTF-8"?>
<testsuite name="com.lucas.transactions.infrastructure.postgresql.PostgresqlTransactionRepositoryIntegrationTests" tests="1" skipped="0" failures="0" errors="0" timestamp="2023-12-01T19:44:54" hostname="lucas-Alienware-m16-R1" time="0.009">
  <properties/>
  <testcase name="shouldCreateTransaction()" classname="com.lucas.transactions.infrastructure.postgresql.PostgresqlTransactionRepositoryIntegrationTests" time="0.009"/>
  <system-out><![CDATA[2023-12-01T16:44:54.050-03:00  INFO 235919 --- [    Test worker] c.l.t.i.p.PostgresqlAccountRepository    : Adding new transaction for account: bc039889-319b-40c1-860a-c8b9c20ecf65
]]></system-out>
  <system-err><![CDATA[]]></system-err>
</testsuite>
