<?xml version="1.0" encoding="UTF-8"?>
<testsuite name="com.lucas.transactions.infrastructure.postgresql.PostgresqlAccountRepositoryIntegrationTests" tests="4" skipped="0" failures="0" errors="0" timestamp="2023-12-01T19:41:48" hostname="lucas-Alienware-m16-R1" time="0.258">
  <properties/>
  <testcase name="shouldReturnIfThereIsAnyAccountFalse()" classname="com.lucas.transactions.infrastructure.postgresql.PostgresqlAccountRepositoryIntegrationTests" time="0.224"/>
  <testcase name="shouldFetchAccount()" classname="com.lucas.transactions.infrastructure.postgresql.PostgresqlAccountRepositoryIntegrationTests" time="0.024"/>
  <testcase name="shouldSaveAccount()" classname="com.lucas.transactions.infrastructure.postgresql.PostgresqlAccountRepositoryIntegrationTests" time="0.004"/>
  <testcase name="shouldReturnIfThereIsAnyAccountTrue()" classname="com.lucas.transactions.infrastructure.postgresql.PostgresqlAccountRepositoryIntegrationTests" time="0.004"/>
  <system-out><![CDATA[2023-12-01T16:41:48.208-03:00  INFO 234528 --- [    Test worker] c.l.t.i.p.PostgresqlAccountRepository    : Looking for account with id: d847dad9-cfbe-49cb-aace-c0eef598b5b7
2023-12-01T16:41:48.383-03:00  INFO 234528 --- [    Test worker] org.jooq.Constants                       : 
                                      
@@@@@@@@@@@@@@@@@@@@@@@@@@@@@@@@@@@@@@
@@@@@@@@@@@@@@@@@@@@@@@@@@@@@@@@@@@@@@
@@@@@@@@@@@@@@@@  @@        @@@@@@@@@@
@@@@@@@@@@@@@@@@@@@@        @@@@@@@@@@
@@@@@@@@@@@@@@@@  @@  @@    @@@@@@@@@@
@@@@@@@@@@  @@@@  @@  @@    @@@@@@@@@@
@@@@@@@@@@        @@        @@@@@@@@@@
@@@@@@@@@@@@@@@@@@@@@@@@@@@@@@@@@@@@@@
@@@@@@@@@@@@@@@@@@@@@@@@@@@@@@@@@@@@@@
@@@@@@@@@@        @@        @@@@@@@@@@
@@@@@@@@@@    @@  @@  @@@@  @@@@@@@@@@
@@@@@@@@@@    @@  @@  @@@@  @@@@@@@@@@
@@@@@@@@@@        @@  @  @  @@@@@@@@@@
@@@@@@@@@@        @@        @@@@@@@@@@
@@@@@@@@@@@@@@@@@@@@@@@  @@@@@@@@@@@@@
@@@@@@@@@@@@@@@@@@@@@@@@@@@@@@@@@@@@@@
@@@@@@@@@@@@@@@@@@@@@@@@@@@@@@@@@@@@@@  Thank you for using jOOQ 3.18.2
                                      
2023-12-01T16:41:48.384-03:00  INFO 234528 --- [    Test worker] org.jooq.Constants                       : 

jOOQ tip of the day: You can extend jOOQ with alternative syntax using plain SQL templating: https://www.jooq.org/doc/latest/manual/sql-building/plain-sql-templating/

2023-12-01T16:41:48.410-03:00  INFO 234528 --- [    Test worker] o.j.i.D.logVersionSupport                : Version                  : Database version is supported by dialect POSTGRES: 16.1 (Debian 16.1-1.pgdg120+1)
2023-12-01T16:41:48.447-03:00  INFO 234528 --- [    Test worker] c.l.t.i.p.PostgresqlAccountRepository    : Looking for account with id: 5f8ad728-a19b-4c2d-a254-4987079aea04
2023-12-01T16:41:48.451-03:00  INFO 234528 --- [    Test worker] c.l.t.i.p.PostgresqlAccountRepository    : Adding new account with document number: 12345678901
2023-12-01T16:41:48.457-03:00  INFO 234528 --- [    Test worker] c.l.t.i.p.PostgresqlAccountRepository    : Looking for account with id: 5d3a5fe8-0f7d-44aa-b5b5-d9ecdaabedea
]]></system-out>
  <system-err><![CDATA[]]></system-err>
</testsuite>
