<?xml version="1.0" encoding="UTF-8"?>
<testsuite name="com.lucas.transactions.domain.valueObjects.transaction.validators.GetTransactionAmountValidatorStrategyTests" tests="1" skipped="0" failures="0" errors="0" timestamp="2023-12-01T19:44:53" hostname="lucas-Alienware-m16-R1" time="0.001">
  <properties/>
  <testcase name="shouldReturnCorrectValidator()" classname="com.lucas.transactions.domain.valueObjects.transaction.validators.GetTransactionAmountValidatorStrategyTests" time="0.001"/>
  <system-out><![CDATA[]]></system-out>
  <system-err><![CDATA[]]></system-err>
</testsuite>
